<?xml version="1.0" encoding="UTF-8"?>
<!-- Generated by org.testng.reporters.JUnitXMLReporter -->
<testsuite ignored="0" hostname="DESKTOP-VM15TK3" failures="0" tests="3" name="Default test" time="30.131" errors="0" timestamp="2024-07-09T12:38:17 EDT">
  <testcase classname="TestCases.LoginPages_Test" name="LoginToApplication" time="1.316"/>
  <testcase classname="TestCases.LoginPages_Test" name="SwagLabTitlePage" time="0.042"/>
  <testcase classname="TestCases.LoginPages_Test" name="SwagLabloginURL" time="0.054"/>
</testsuite> <!-- Default test -->
