<?xml version="1.0" encoding="UTF-8"?>
<!-- Generated by org.testng.reporters.JUnitXMLReporter -->
<testsuite ignored="0" hostname="DESKTOP-VM15TK3" failures="2" tests="13" name="Test" time="173.309" errors="0" timestamp="2024-06-16T20:38:44 GMT-04:00">
  <testcase classname="TestCases.InventoryPage_TestCase" name="Add6Product" time="0.029">
    <failure type="java.io.FileNotFoundException" message="C:\Users\user\Pictures\SwagLabTestNG\ReadTestData (Access is denied)">
      <![CDATA[java.io.FileNotFoundException: C:\Users\user\Pictures\SwagLabTestNG\ReadTestData (Access is denied)
at java.base/java.io.FileInputStream.open0(Native Method)
at java.base/java.io.FileInputStream.open(FileInputStream.java:216)
at java.base/java.io.FileInputStream.<init>(FileInputStream.java:157)
at java.base/java.io.FileInputStream.<init>(FileInputStream.java:111)
at Utility.ReadExcelData.ReadExcelSheetData(ReadExcelData.java:16)
at TestCases.InventoryPage_TestCase.Add6Product(InventoryPage_TestCase.java:49)
at java.base/java.util.ArrayList.forEach(ArrayList.java:1511)
... Removed 27 stack frames]]>
    </failure>
  </testcase> <!-- Add6Product -->
  <testcase classname="TestCases.InventoryPage_TestCase" name="CartRemoveProduct" time="0.006">
    <failure type="java.io.FileNotFoundException" message="C:\Users\user\Pictures\SwagLabTestNG\ReadTestData (Access is denied)">
      <![CDATA[java.io.FileNotFoundException: C:\Users\user\Pictures\SwagLabTestNG\ReadTestData (Access is denied)
at java.base/java.io.FileInputStream.open0(Native Method)
at java.base/java.io.FileInputStream.open(FileInputStream.java:216)
at java.base/java.io.FileInputStream.<init>(FileInputStream.java:157)
at java.base/java.io.FileInputStream.<init>(FileInputStream.java:111)
at Utility.ReadExcelData.ReadExcelSheetData(ReadExcelData.java:16)
at TestCases.InventoryPage_TestCase.CartRemoveProduct(InventoryPage_TestCase.java:57)
at java.base/java.util.ArrayList.forEach(ArrayList.java:1511)
... Removed 27 stack frames]]>
    </failure>
  </testcase> <!-- CartRemoveProduct -->
  <testcase classname="TestCases.InventoryPage_TestCase" name="FaceBookLogo" time="0.801"/>
  <testcase classname="TestCases.InventoryPage_TestCase" name="HomePageTitle" time="2.128"/>
  <testcase classname="TestCases.InventoryPage_TestCase" name="LinkdinLogo" time="5.191"/>
  <testcase classname="TestCases.InventoryPage_TestCase" name="PageLogo" time="5.142"/>
  <testcase classname="TestCases.CartCheckOutButton_Test" name="CheckOutButton" time="1.905"/>
  <testcase classname="TestCases.LoginPages_Test" name="LoginToApplication" time="1.001"/>
  <testcase classname="TestCases.LoginPages_Test" name="SwagLabTitlePage" time="0.043"/>
  <testcase classname="TestCases.LoginPages_Test" name="SwagLabloginURL" time="0.045"/>
  <testcase classname="TestCases.Cart_Pages_Test" name="ClickOnCheckOutBtn" time="0.271"/>
  <testcase classname="TestCases.Cart_Pages_Test" name="VerifyPageTitle" time="0.095"/>
  <testcase classname="TestCases.Cart_Pages_Test" name="VerifyURL" time="0.027"/>
</testsuite> <!-- Test -->
