<?xml version="1.0" encoding="UTF-8"?>
<testng-results ignored="0" total="3" passed="3" failed="0" skipped="0">
  <reporter-output>
    <line>
      <![CDATA[Application Is Login using Actual URL =https://www.saucedemo.com/inventory.html]]>
    </line>
    <line>
      <![CDATA[SwagLabTitlePage name is=Swag Labs]]>
    </line>
    <line>
      <![CDATA[Actual URL Is =https://www.saucedemo.com/]]>
    </line>
  </reporter-output>
  <suite started-at="2024-07-09T12:37:47 EDT" name="Default suite" finished-at="2024-07-09T12:38:17 EDT" duration-ms="30131">
    <groups>
    </groups>
    <test started-at="2024-07-09T12:37:47 EDT" name="Default test" finished-at="2024-07-09T12:38:17 EDT" duration-ms="30131">
      <class name="TestCases.LoginPages_Test">
        <test-method is-config="true" signature="setup()[pri:0, instance:TestCases.LoginPages_Test@58d75e99]" started-at="2024-07-09T12:37:47 EDT" name="setup" finished-at="2024-07-09T12:38:03 EDT" duration-ms="15736" status="PASS">
          <reporter-output>
          </reporter-output>
        </test-method> <!-- setup -->
        <test-method signature="LoginToApplication()[pri:0, instance:TestCases.LoginPages_Test@58d75e99]" started-at="2024-07-09T12:38:03 EDT" name="LoginToApplication" finished-at="2024-07-09T12:38:04 EDT" duration-ms="1316" status="PASS">
          <reporter-output>
            <line>
              <![CDATA[Application Is Login using Actual URL =https://www.saucedemo.com/inventory.html]]>
            </line>
          </reporter-output>
        </test-method> <!-- LoginToApplication -->
        <test-method is-config="true" signature="CloseConnection(org.testng.ITestResult)[pri:0, instance:TestCases.LoginPages_Test@58d75e99]" started-at="2024-07-09T12:38:04 EDT" name="CloseConnection" finished-at="2024-07-09T12:38:06 EDT" duration-ms="1549" status="PASS">
          <params>
            <param index="0">
              <value>
                <![CDATA[[TestResult name=LoginToApplication status=SUCCESS method=LoginPages_Test.LoginToApplication()[pri:0, instance:TestCases.LoginPages_Test@58d75e99] output=Application Is Login using Actual URL =https://www.saucedemo.com/inventory.html]]]>
              </value>
            </param>
          </params>
          <reporter-output>
          </reporter-output>
        </test-method> <!-- CloseConnection -->
        <test-method is-config="true" signature="setup()[pri:0, instance:TestCases.LoginPages_Test@58d75e99]" started-at="2024-07-09T12:38:06 EDT" name="setup" finished-at="2024-07-09T12:38:10 EDT" duration-ms="4903" status="PASS">
          <reporter-output>
          </reporter-output>
        </test-method> <!-- setup -->
        <test-method signature="SwagLabTitlePage()[pri:0, instance:TestCases.LoginPages_Test@58d75e99]" started-at="2024-07-09T12:38:10 EDT" name="SwagLabTitlePage" finished-at="2024-07-09T12:38:10 EDT" duration-ms="42" status="PASS">
          <reporter-output>
            <line>
              <![CDATA[SwagLabTitlePage name is=Swag Labs]]>
            </line>
          </reporter-output>
        </test-method> <!-- SwagLabTitlePage -->
        <test-method is-config="true" signature="CloseConnection(org.testng.ITestResult)[pri:0, instance:TestCases.LoginPages_Test@58d75e99]" started-at="2024-07-09T12:38:11 EDT" name="CloseConnection" finished-at="2024-07-09T12:38:11 EDT" duration-ms="794" status="PASS">
          <params>
            <param index="0">
              <value>
                <![CDATA[[TestResult name=SwagLabTitlePage status=SUCCESS method=LoginPages_Test.SwagLabTitlePage()[pri:0, instance:TestCases.LoginPages_Test@58d75e99] output=SwagLabTitlePage name is=Swag Labs]]]>
              </value>
            </param>
          </params>
          <reporter-output>
          </reporter-output>
        </test-method> <!-- CloseConnection -->
        <test-method is-config="true" signature="setup()[pri:0, instance:TestCases.LoginPages_Test@58d75e99]" started-at="2024-07-09T12:38:11 EDT" name="setup" finished-at="2024-07-09T12:38:16 EDT" duration-ms="4753" status="PASS">
          <reporter-output>
          </reporter-output>
        </test-method> <!-- setup -->
        <test-method signature="SwagLabloginURL()[pri:0, instance:TestCases.LoginPages_Test@58d75e99]" started-at="2024-07-09T12:38:16 EDT" name="SwagLabloginURL" finished-at="2024-07-09T12:38:16 EDT" duration-ms="54" status="PASS">
          <reporter-output>
            <line>
              <![CDATA[Actual URL Is =https://www.saucedemo.com/]]>
            </line>
          </reporter-output>
        </test-method> <!-- SwagLabloginURL -->
        <test-method is-config="true" signature="CloseConnection(org.testng.ITestResult)[pri:0, instance:TestCases.LoginPages_Test@58d75e99]" started-at="2024-07-09T12:38:16 EDT" name="CloseConnection" finished-at="2024-07-09T12:38:17 EDT" duration-ms="751" status="PASS">
          <params>
            <param index="0">
              <value>
                <![CDATA[[TestResult name=SwagLabloginURL status=SUCCESS method=LoginPages_Test.SwagLabloginURL()[pri:0, instance:TestCases.LoginPages_Test@58d75e99] output=Actual URL Is =https://www.saucedemo.com/]]]>
              </value>
            </param>
          </params>
          <reporter-output>
          </reporter-output>
        </test-method> <!-- CloseConnection -->
      </class> <!-- TestCases.LoginPages_Test -->
    </test> <!-- Default test -->
  </suite> <!-- Default suite -->
</testng-results>
